A D/TestProgram////
A D/config-consumers////
A D/config-hlr-clients////
A D/config-hlr-service////
A D/config-producers////
A D/config-sensors////
A D/exampleProgram////
A D/include////
A D/interface-common////
A D/interface-consumers////
A D/interface-hlr-clients////
A D/interface-hlr-service////
A D/interface-msg-common////
A D/interface-pa-clients////
A D/interface-producers////
A D/interface-sensors////
A D/libTest////
A D/project////
A D/specs////
A D/src-common////
A D/src-common-service////
A D/src-consumers////
A D/src-hlr-clients////
A D/src-hlr-service////
A D/src-msg-common////
A D/src-pa-clients////
A D/src-producers////
A D/src-sensors////
R D/src-sensors////
R D/src-producers////
R D/src-msg-common////
R D/src-consumers////
R D/src-common-service////
R D/specs////
R D/libTest////
R D/interface-sensors////
R D/interface-producers////
R D/interface-msg-common////
R D/interface-consumers////
R D/include////
R D/exampleProgram////
R D/config-sensors////
R D/config-producers////
R D/config-consumers////
R D/TestProgram////
